{
  "RSpec": {
    "coverage": {
      "/home/zil/DEV/RAILS/ai-cover-letter/app/helpers/application_helper.rb": {
        "lines": [
          1,
          1,
          null
        ]
      },
      "/home/zil/DEV/RAILS/ai-cover-letter/app/helpers/jobs_helper.rb": {
        "lines": [
          1,
          null
        ]
      },
      "/home/zil/DEV/RAILS/ai-cover-letter/app/lib/prompt_generator.rb": {
        "lines": [
          1,
          null,
          1,
          1,
          3,
          3,
          null,
          null,
          null,
          null,
          null,
          null,
          null,
          null,
          null,
          null,
          null,
          null,
          null,
          null,
          null,
          null,
          null,
          null,
          3,
          null,
          null
        ]
      },
      "/home/zil/DEV/RAILS/ai-cover-letter/app/models/resume.rb": {
        "lines": [
          1,
          1,
          null,
          1,
          null,
          1,
          null,
          1,
          null,
          null,
          1,
          10,
          null,
          9,
          9,
          15,
          null,
          7,
          null,
          1,
          null,
          1,
          null,
          null,
          1,
          null,
          1,
          66,
          null,
          5,
          null,
          null
        ]
      },
      "/home/zil/DEV/RAILS/ai-cover-letter/app/models/application_record.rb": {
        "lines": [
          1,
          1,
          null
        ]
      },
      "/home/zil/DEV/RAILS/ai-cover-letter/app/controllers/jobs_controller.rb": {
        "lines": [
          1,
          1,
          null,
          1,
          null,
          null,
          1,
          1,
          1,
          null,
          1,
          1,
          null,
          1,
          null,
          null,
          null,
          null,
          1,
          null,
          null,
          1,
          2,
          2,
          null,
          null,
          null,
          1,
          null,
          null,
          1,
          9,
          null,
          9,
          4,
          null,
          null,
          4,
          null,
          null,
          null,
          null,
          null,
          4,
          null,
          null,
          4,
          4,
          4,
          null,
          null,
          null,
          null,
          null,
          5,
          5,
          5,
          3,
          null,
          null,
          null,
          null,
          null,
          7,
          null,
          null,
          null,
          null,
          1,
          4,
          null,
          4,
          null,
          2,
          null,
          null,
          null,
          2,
          null,
          null,
          null,
          null,
          null,
          2,
          null,
          null,
          2,
          2,
          2,
          null,
          null,
          null,
          null,
          null,
          2,
          2,
          2,
          2,
          null,
          null,
          null,
          null,
          null,
          null,
          null,
          null,
          null,
          1,
          0,
          null,
          0,
          0,
          0,
          null,
          null,
          null,
          1,
          null,
          null,
          1,
          4,
          null,
          null,
          null,
          1,
          13,
          null,
          null,
          null,
          null,
          null
        ]
      },
      "/home/zil/DEV/RAILS/ai-cover-letter/app/controllers/application_controller.rb": {
        "lines": [
          1,
          null,
          1,
          null,
          1,
          null
        ]
      },
      "/home/zil/DEV/RAILS/ai-cover-letter/app/services/groq_ai_api_service.rb": {
        "lines": [
          1,
          1,
          1,
          null,
          1,
          1,
          null,
          1,
          1,
          null,
          null,
          1,
          1,
          null,
          null,
          null,
          null,
          null,
          1,
          null,
          null,
          1,
          null,
          1,
          1,
          null,
          0,
          null,
          null
        ]
      },
      "/home/zil/DEV/RAILS/ai-cover-letter/app/jobs/generate_cover_letter_groq_ai_job.rb": {
        "lines": [
          1,
          1,
          null,
          null,
          1,
          4,
          4,
          null,
          4,
          null,
          4,
          4,
          null,
          null,
          4,
          3,
          null,
          1,
          null,
          null,
          4,
          null,
          null,
          null,
          null,
          4,
          3,
          null,
          1,
          null,
          null,
          null,
          4,
          null,
          null,
          null,
          null,
          null,
          null,
          null
        ]
      },
      "/home/zil/DEV/RAILS/ai-cover-letter/app/models/job.rb": {
        "lines": [
          1,
          1,
          1,
          null,
          1,
          1,
          1,
          null,
          1,
          null,
          1,
          1,
          null,
          null,
          1,
          0,
          null,
          null
        ]
      },
      "/home/zil/DEV/RAILS/ai-cover-letter/app/models/cover_letter.rb": {
        "lines": [
          1,
          1,
          null,
          1,
          0,
          null,
          null
        ]
      },
      "/home/zil/DEV/RAILS/ai-cover-letter/app/components/turbo_modal_component.rb": {
        "lines": [
          null,
          null,
          1,
          null,
          1,
          1,
          1,
          null,
          null
        ]
      },
      "/home/zil/DEV/RAILS/ai-cover-letter/app/controllers/cover_letters_controller.rb": {
        "lines": [
          0,
          0,
          0,
          0,
          0,
          0
        ],
        "branches": {}
      },
      "/home/zil/DEV/RAILS/ai-cover-letter/app/controllers/groq_ai_controller.rb": {
        "lines": [
          0,
          0,
          0,
          0,
          0,
          0,
          0,
          null,
          0,
          0,
          null,
          0,
          0,
          0,
          0,
          0,
          0,
          0
        ],
        "branches": {}
      },
      "/home/zil/DEV/RAILS/ai-cover-letter/app/jobs/application_job.rb": {
        "lines": [
          0,
          null,
          null,
          null,
          null,
          null,
          0
        ],
        "branches": {}
      },
      "/home/zil/DEV/RAILS/ai-cover-letter/app/mailers/application_mailer.rb": {
        "lines": [
          0,
          0,
          0,
          0
        ],
        "branches": {}
      }
    },
    "timestamp": 1737578706
  }
}
